app/build/manifest_merge_blame_file/debug/processDebugMainManifest/manifest-merger-blame-debug-report.txt
1<?xml version="1.0" encoding="utf-8"?>
2<manifest xmlns:android="http://schemas.android.com/apk/res/android"
3    package="com.example.shelterspot"
4    android:versionCode="1"
5    android:versionName="1.0" >
6
7    <uses-sdk
8        android:minSdkVersion="21"
9        android:targetSdkVersion="33" />
10
11    <uses-permission android:name="android.permission.INTERNET" />
11-->src\main\AndroidManifest.xml:5:5-67
11-->src\main\AndroidManifest.xml:5:22-64
12    <uses-permission android:name="android.permission.ACCESS_FINE_LOCATION" />
12-->src\main\AndroidManifest.xml:6:5-79
12-->src\main\AndroidManifest.xml:6:22-76
13    <uses-permission android:name="android.permission.ACCESS_COARSE_LOCATION" />
13-->src\main\AndroidManifest.xml:7:5-81
13-->src\main\AndroidManifest.xml:7:22-78
14
15    <queries>
15-->[com.razorpay:checkout:1.6.26] AndroidManifest.xml:11:5-37:15
16        <intent>
16-->[com.razorpay:checkout:1.6.26] AndroidManifest.xml:12:9-18:18
17            <action android:name="android.intent.action.VIEW" />
17-->[com.razorpay:checkout:1.6.26] AndroidManifest.xml:13:13-65
17-->[com.razorpay:checkout:1.6.26] AndroidManifest.xml:13:21-62
18
19            <data
19-->[com.razorpay:checkout:1.6.26] AndroidManifest.xml:15:13-17:38
20                android:mimeType="*/*"
20-->[com.razorpay:checkout:1.6.26] AndroidManifest.xml:16:17-39
21                android:scheme="*" />
21-->[com.razorpay:checkout:1.6.26] AndroidManifest.xml:17:17-35
22        </intent>
23        <intent>
23-->[com.razorpay:checkout:1.6.26] AndroidManifest.xml:19:9-28:18
24            <action android:name="android.intent.action.VIEW" />
24-->[com.razorpay:checkout:1.6.26] AndroidManifest.xml:13:13-65
24-->[com.razorpay:checkout:1.6.26] AndroidManifest.xml:13:21-62
25
26            <category android:name="android.intent.category.BROWSABLE" />
26-->[com.razorpay:checkout:1.6.26] AndroidManifest.xml:22:13-74
26-->[com.razorpay:checkout:1.6.26] AndroidManifest.xml:22:23-71
27
28            <data
28-->[com.razorpay:checkout:1.6.26] AndroidManifest.xml:15:13-17:38
29                android:host="pay"
30                android:mimeType="*/*"
30-->[com.razorpay:checkout:1.6.26] AndroidManifest.xml:16:17-39
31                android:scheme="upi" />
31-->[com.razorpay:checkout:1.6.26] AndroidManifest.xml:17:17-35
32        </intent>
33        <intent>
33-->[com.razorpay:checkout:1.6.26] AndroidManifest.xml:29:9-31:18
34            <action android:name="android.intent.action.MAIN" />
34-->src\main\AndroidManifest.xml:25:17-69
34-->src\main\AndroidManifest.xml:25:25-66
35        </intent>
36        <intent>
36-->[com.razorpay:checkout:1.6.26] AndroidManifest.xml:32:9-36:18
37            <action android:name="android.intent.action.SEND" />
37-->[com.razorpay:checkout:1.6.26] AndroidManifest.xml:33:13-65
37-->[com.razorpay:checkout:1.6.26] AndroidManifest.xml:33:21-62
38
39            <data android:mimeType="*/*" />
39-->[com.razorpay:checkout:1.6.26] AndroidManifest.xml:15:13-17:38
39-->[com.razorpay:checkout:1.6.26] AndroidManifest.xml:16:17-39
40        </intent>
41        <!-- Needs to be explicitly declared on Android R+ -->
42        <package android:name="com.google.android.apps.maps" />
42-->[com.google.android.gms:play-services-maps:18.0.2] AndroidManifest.xml:33:9-64
42-->[com.google.android.gms:play-services-maps:18.0.2] AndroidManifest.xml:33:18-61
43    </queries> <!-- Include required permissions for Google Maps API to run. -->
44    <uses-permission android:name="android.permission.ACCESS_NETWORK_STATE" />
44-->[com.google.android.gms:play-services-maps:18.0.2] AndroidManifest.xml:23:5-79
44-->[com.google.android.gms:play-services-maps:18.0.2] AndroidManifest.xml:23:22-76
45
46    <uses-feature
46-->[com.google.android.gms:play-services-maps:18.0.2] AndroidManifest.xml:26:5-28:35
47        android:glEsVersion="0x00020000"
47-->[com.google.android.gms:play-services-maps:18.0.2] AndroidManifest.xml:27:9-41
48        android:required="true" />
48-->[com.google.android.gms:play-services-maps:18.0.2] AndroidManifest.xml:28:9-32
49
50    <permission
50-->[androidx.core:core:1.9.0] AndroidManifest.xml:22:5-24:47
51        android:name="com.example.shelterspot.DYNAMIC_RECEIVER_NOT_EXPORTED_PERMISSION"
51-->[androidx.core:core:1.9.0] AndroidManifest.xml:23:9-81
52        android:protectionLevel="signature" />
52-->[androidx.core:core:1.9.0] AndroidManifest.xml:24:9-44
53
54    <uses-permission android:name="com.example.shelterspot.DYNAMIC_RECEIVER_NOT_EXPORTED_PERMISSION" />
54-->[androidx.core:core:1.9.0] AndroidManifest.xml:26:5-97
54-->[androidx.core:core:1.9.0] AndroidManifest.xml:26:22-94
55
56    <application
56-->src\main\AndroidManifest.xml:9:5-86:19
57        android:allowBackup="true"
57-->src\main\AndroidManifest.xml:10:9-35
58        android:appComponentFactory="androidx.core.app.CoreComponentFactory"
58-->[androidx.core:core:1.9.0] AndroidManifest.xml:28:18-86
59        android:dataExtractionRules="@xml/data_extraction_rules"
59-->src\main\AndroidManifest.xml:11:9-65
60        android:debuggable="true"
61        android:extractNativeLibs="true"
62        android:fullBackupContent="@xml/backup_rules"
62-->src\main\AndroidManifest.xml:12:9-54
63        android:icon="@mipmap/ic_launcher"
63-->src\main\AndroidManifest.xml:13:9-43
64        android:label="@string/app_name"
64-->src\main\AndroidManifest.xml:14:9-41
65        android:roundIcon="@mipmap/ic_launcher_round"
65-->src\main\AndroidManifest.xml:15:9-54
66        android:supportsRtl="true"
66-->src\main\AndroidManifest.xml:16:9-35
67        android:testOnly="true"
68        android:theme="@style/Theme.ShelterSpot" >
68-->src\main\AndroidManifest.xml:17:9-49
69        <activity
69-->src\main\AndroidManifest.xml:20:9-28:20
70            android:name="com.example.shelterspot.SplashActivity"
70-->src\main\AndroidManifest.xml:21:13-43
71            android:exported="true"
71-->src\main\AndroidManifest.xml:22:13-36
72            android:theme="@style/Theme.ShelterSpot" >
72-->src\main\AndroidManifest.xml:23:13-53
73            <intent-filter>
73-->src\main\AndroidManifest.xml:24:13-27:29
74                <action android:name="android.intent.action.MAIN" />
74-->src\main\AndroidManifest.xml:25:17-69
74-->src\main\AndroidManifest.xml:25:25-66
75
76                <category android:name="android.intent.category.LAUNCHER" />
76-->src\main\AndroidManifest.xml:26:17-77
76-->src\main\AndroidManifest.xml:26:27-74
77            </intent-filter>
78        </activity>
79        <activity
79-->src\main\AndroidManifest.xml:30:9-32:40
80            android:name="com.example.shelterspot.AccountCustomerDetails"
80-->src\main\AndroidManifest.xml:31:13-51
81            android:exported="false" />
81-->src\main\AndroidManifest.xml:32:13-37
82
83        <meta-data
83-->src\main\AndroidManifest.xml:34:9-36:54
84            android:name="com.google.android.geo.API_KEY"
84-->src\main\AndroidManifest.xml:35:13-58
85            android:value="@string/Google_Map_API" />
85-->src\main\AndroidManifest.xml:36:13-51
86
87        <activity
87-->src\main\AndroidManifest.xml:38:9-41:64
88            android:name="com.example.shelterspot.CMapView"
88-->src\main\AndroidManifest.xml:39:13-37
89            android:exported="false"
89-->src\main\AndroidManifest.xml:40:13-37
90            android:label="@string/title_activity_cmap_view" />
90-->src\main\AndroidManifest.xml:41:13-61
91        <activity
91-->src\main\AndroidManifest.xml:42:9-45:72
92            android:name="com.example.shelterspot.HotelMapLocSetActivity"
92-->src\main\AndroidManifest.xml:43:13-51
93            android:exported="false"
93-->src\main\AndroidManifest.xml:44:13-37
94            android:label="@string/title_activity_hotel_map_loc_set" />
94-->src\main\AndroidManifest.xml:45:13-69
95        <activity
95-->src\main\AndroidManifest.xml:46:9-48:40
96            android:name="com.example.shelterspot.HotelBookingDetails"
96-->src\main\AndroidManifest.xml:47:13-48
97            android:exported="false" />
97-->src\main\AndroidManifest.xml:48:13-37
98        <activity
98-->src\main\AndroidManifest.xml:49:9-51:40
99            android:name="com.example.shelterspot.CHome"
99-->src\main\AndroidManifest.xml:50:13-34
100            android:exported="false" />
100-->src\main\AndroidManifest.xml:51:13-37
101        <activity
101-->src\main\AndroidManifest.xml:52:9-54:40
102            android:name="com.example.shelterspot.CHotelDetails"
102-->src\main\AndroidManifest.xml:53:13-42
103            android:exported="false" />
103-->src\main\AndroidManifest.xml:54:13-37
104        <activity
104-->src\main\AndroidManifest.xml:55:9-57:40
105            android:name="com.example.shelterspot.EditHotelDetails"
105-->src\main\AndroidManifest.xml:56:13-45
106            android:exported="false" />
106-->src\main\AndroidManifest.xml:57:13-37
107        <activity
107-->src\main\AndroidManifest.xml:58:9-60:40
108            android:name="com.example.shelterspot.HotelHome"
108-->src\main\AndroidManifest.xml:59:13-38
109            android:exported="false" />
109-->src\main\AndroidManifest.xml:60:13-37
110        <activity
110-->src\main\AndroidManifest.xml:61:9-63:40
111            android:name="com.example.shelterspot.HotelSignin"
111-->src\main\AndroidManifest.xml:62:13-40
112            android:exported="false" />
112-->src\main\AndroidManifest.xml:63:13-37
113        <activity
113-->src\main\AndroidManifest.xml:64:9-66:40
114            android:name="com.example.shelterspot.HotelSigninSignup"
114-->src\main\AndroidManifest.xml:65:13-46
115            android:exported="false" />
115-->src\main\AndroidManifest.xml:66:13-37
116        <activity
116-->src\main\AndroidManifest.xml:67:9-69:40
117            android:name="com.example.shelterspot.HotelSignup"
117-->src\main\AndroidManifest.xml:68:13-40
118            android:exported="false" />
118-->src\main\AndroidManifest.xml:69:13-37
119        <activity
119-->src\main\AndroidManifest.xml:70:9-72:40
120            android:name="com.example.shelterspot.HotelHomeDetUpload"
120-->src\main\AndroidManifest.xml:71:13-47
121            android:exported="false" />
121-->src\main\AndroidManifest.xml:72:13-37
122        <activity
122-->src\main\AndroidManifest.xml:73:9-75:40
123            android:name="com.example.shelterspot.SignupDetails"
123-->src\main\AndroidManifest.xml:74:13-42
124            android:exported="false" />
124-->src\main\AndroidManifest.xml:75:13-37
125        <activity
125-->src\main\AndroidManifest.xml:76:9-78:40
126            android:name="com.example.shelterspot.Signup"
126-->src\main\AndroidManifest.xml:77:13-35
127            android:exported="false" />
127-->src\main\AndroidManifest.xml:78:13-37
128        <activity
128-->src\main\AndroidManifest.xml:79:9-81:40
129            android:name="com.example.shelterspot.Signin"
129-->src\main\AndroidManifest.xml:80:13-35
130            android:exported="false" />
130-->src\main\AndroidManifest.xml:81:13-37
131        <activity
131-->src\main\AndroidManifest.xml:82:9-84:39
132            android:name="com.example.shelterspot.MainActivity"
132-->src\main\AndroidManifest.xml:83:13-41
133            android:exported="true" />
133-->src\main\AndroidManifest.xml:84:13-36
134
135        <service
135-->[com.google.firebase:firebase-database-ktx:20.1.0] AndroidManifest.xml:11:9-17:19
136            android:name="com.google.firebase.components.ComponentDiscoveryService"
136-->[com.google.firebase:firebase-database-ktx:20.1.0] AndroidManifest.xml:12:13-84
137            android:directBootAware="true"
137-->[com.google.firebase:firebase-common:20.3.0] AndroidManifest.xml:34:13-43
138            android:exported="false" >
138-->[com.google.firebase:firebase-database-ktx:20.1.0] AndroidManifest.xml:13:13-37
139            <meta-data
139-->[com.google.firebase:firebase-database-ktx:20.1.0] AndroidManifest.xml:14:13-16:85
140                android:name="com.google.firebase.components:com.google.firebase.database.ktx.FirebaseDatabaseKtxRegistrar"
140-->[com.google.firebase:firebase-database-ktx:20.1.0] AndroidManifest.xml:15:17-124
141                android:value="com.google.firebase.components.ComponentRegistrar" />
141-->[com.google.firebase:firebase-database-ktx:20.1.0] AndroidManifest.xml:16:17-82
142            <meta-data
142-->[com.google.firebase:firebase-firestore-ktx:24.4.2] AndroidManifest.xml:14:13-16:85
143                android:name="com.google.firebase.components:com.google.firebase.firestore.ktx.FirebaseFirestoreKtxRegistrar"
143-->[com.google.firebase:firebase-firestore-ktx:24.4.2] AndroidManifest.xml:15:17-126
144                android:value="com.google.firebase.components.ComponentRegistrar" />
144-->[com.google.firebase:firebase-firestore-ktx:24.4.2] AndroidManifest.xml:16:17-82
145            <meta-data
145-->[com.google.firebase:firebase-storage-ktx:20.1.0] AndroidManifest.xml:14:13-16:85
146                android:name="com.google.firebase.components:com.google.firebase.storage.ktx.FirebaseStorageKtxRegistrar"
146-->[com.google.firebase:firebase-storage-ktx:20.1.0] AndroidManifest.xml:15:17-122
147                android:value="com.google.firebase.components.ComponentRegistrar" />
147-->[com.google.firebase:firebase-storage-ktx:20.1.0] AndroidManifest.xml:16:17-82
148            <meta-data
148-->[com.google.firebase:firebase-auth-ktx:21.1.0] AndroidManifest.xml:11:13-13:85
149                android:name="com.google.firebase.components:com.google.firebase.auth.ktx.FirebaseAuthKtxRegistrar"
149-->[com.google.firebase:firebase-auth-ktx:21.1.0] AndroidManifest.xml:12:17-116
150                android:value="com.google.firebase.components.ComponentRegistrar" />
150-->[com.google.firebase:firebase-auth-ktx:21.1.0] AndroidManifest.xml:13:17-82
151            <meta-data
151-->[com.google.firebase:firebase-common-ktx:20.3.0] AndroidManifest.xml:14:13-16:85
152                android:name="com.google.firebase.components:com.google.firebase.ktx.FirebaseCommonKtxRegistrar"
152-->[com.google.firebase:firebase-common-ktx:20.3.0] AndroidManifest.xml:15:17-113
153                android:value="com.google.firebase.components.ComponentRegistrar" />
153-->[com.google.firebase:firebase-common-ktx:20.3.0] AndroidManifest.xml:16:17-82
154            <meta-data
154-->[com.google.firebase:firebase-auth:21.1.0] AndroidManifest.xml:67:13-69:85
155                android:name="com.google.firebase.components:com.google.firebase.auth.FirebaseAuthRegistrar"
155-->[com.google.firebase:firebase-auth:21.1.0] AndroidManifest.xml:68:17-109
156                android:value="com.google.firebase.components.ComponentRegistrar" />
156-->[com.google.firebase:firebase-auth:21.1.0] AndroidManifest.xml:69:17-82
157            <meta-data
157-->[com.google.firebase:firebase-database:20.1.0] AndroidManifest.xml:31:13-33:85
158                android:name="com.google.firebase.components:com.google.firebase.database.DatabaseRegistrar"
158-->[com.google.firebase:firebase-database:20.1.0] AndroidManifest.xml:32:17-109
159                android:value="com.google.firebase.components.ComponentRegistrar" />
159-->[com.google.firebase:firebase-database:20.1.0] AndroidManifest.xml:33:17-82
160            <meta-data
160-->[com.google.firebase:firebase-firestore:24.4.2] AndroidManifest.xml:19:13-21:85
161                android:name="com.google.firebase.components:com.google.firebase.firestore.FirestoreRegistrar"
161-->[com.google.firebase:firebase-firestore:24.4.2] AndroidManifest.xml:20:17-111
162                android:value="com.google.firebase.components.ComponentRegistrar" />
162-->[com.google.firebase:firebase-firestore:24.4.2] AndroidManifest.xml:21:17-82
163            <meta-data
163-->[com.google.firebase:firebase-storage:20.1.0] AndroidManifest.xml:32:13-34:85
164                android:name="com.google.firebase.components:com.google.firebase.storage.StorageRegistrar"
164-->[com.google.firebase:firebase-storage:20.1.0] AndroidManifest.xml:33:17-107
165                android:value="com.google.firebase.components.ComponentRegistrar" />
165-->[com.google.firebase:firebase-storage:20.1.0] AndroidManifest.xml:34:17-82
166        </service>
167
168        <receiver
168-->[com.razorpay:checkout:1.6.26] AndroidManifest.xml:40:9-46:20
169            android:name="com.razorpay.RzpTokenReceiver"
169-->[com.razorpay:checkout:1.6.26] AndroidManifest.xml:41:13-57
170            android:exported="false" >
170-->[com.razorpay:checkout:1.6.26] AndroidManifest.xml:42:13-37
171            <intent-filter>
171-->[com.razorpay:checkout:1.6.26] AndroidManifest.xml:43:13-45:29
172                <action android:name="rzp.device_token.share" />
172-->[com.razorpay:checkout:1.6.26] AndroidManifest.xml:44:17-65
172-->[com.razorpay:checkout:1.6.26] AndroidManifest.xml:44:25-62
173            </intent-filter>
174        </receiver>
175
176        <activity
176-->[com.razorpay:checkout:1.6.26] AndroidManifest.xml:48:9-60:20
177            android:name="com.razorpay.CheckoutActivity"
177-->[com.razorpay:checkout:1.6.26] AndroidManifest.xml:49:13-57
178            android:configChanges="keyboard|keyboardHidden|orientation|screenSize"
178-->[com.razorpay:checkout:1.6.26] AndroidManifest.xml:50:13-83
179            android:exported="true"
179-->[com.razorpay:checkout:1.6.26] AndroidManifest.xml:51:13-36
180            android:theme="@style/CheckoutTheme" >
180-->[com.razorpay:checkout:1.6.26] AndroidManifest.xml:52:13-49
181            <intent-filter>
181-->[com.razorpay:checkout:1.6.26] AndroidManifest.xml:53:13-59:29
182                <action android:name="android.intent.action.MAIN" />
182-->src\main\AndroidManifest.xml:25:17-69
182-->src\main\AndroidManifest.xml:25:25-66
183
184                <data
184-->[com.razorpay:checkout:1.6.26] AndroidManifest.xml:15:13-17:38
185                    android:host="rzp.io"
186                    android:scheme="io.rzp" />
186-->[com.razorpay:checkout:1.6.26] AndroidManifest.xml:17:17-35
187            </intent-filter>
188        </activity>
189
190        <meta-data
190-->[com.razorpay:checkout:1.6.26] AndroidManifest.xml:62:9-64:58
191            android:name="com.razorpay.plugin.googlepay_all"
191-->[com.razorpay:checkout:1.6.26] AndroidManifest.xml:63:13-61
192            android:value="com.razorpay.RzpGpayMerged" /> <!-- Needs to be explicitly declared on P+ -->
192-->[com.razorpay:checkout:1.6.26] AndroidManifest.xml:64:13-55
193        <uses-library
193-->[com.google.android.gms:play-services-maps:18.0.2] AndroidManifest.xml:39:9-41:40
194            android:name="org.apache.http.legacy"
194-->[com.google.android.gms:play-services-maps:18.0.2] AndroidManifest.xml:40:13-50
195            android:required="false" />
195-->[com.google.android.gms:play-services-maps:18.0.2] AndroidManifest.xml:41:13-37
196
197        <activity
197-->[com.google.firebase:firebase-auth:21.1.0] AndroidManifest.xml:27:9-44:20
198            android:name="com.google.firebase.auth.internal.GenericIdpActivity"
198-->[com.google.firebase:firebase-auth:21.1.0] AndroidManifest.xml:28:13-80
199            android:excludeFromRecents="true"
199-->[com.google.firebase:firebase-auth:21.1.0] AndroidManifest.xml:29:13-46
200            android:exported="true"
200-->[com.google.firebase:firebase-auth:21.1.0] AndroidManifest.xml:30:13-36
201            android:launchMode="singleTask"
201-->[com.google.firebase:firebase-auth:21.1.0] AndroidManifest.xml:31:13-44
202            android:theme="@android:style/Theme.Translucent.NoTitleBar" >
202-->[com.google.firebase:firebase-auth:21.1.0] AndroidManifest.xml:32:13-72
203            <intent-filter>
203-->[com.google.firebase:firebase-auth:21.1.0] AndroidManifest.xml:33:13-43:29
204                <action android:name="android.intent.action.VIEW" />
204-->[com.razorpay:checkout:1.6.26] AndroidManifest.xml:13:13-65
204-->[com.razorpay:checkout:1.6.26] AndroidManifest.xml:13:21-62
205
206                <category android:name="android.intent.category.DEFAULT" />
206-->[com.google.firebase:firebase-auth:21.1.0] AndroidManifest.xml:36:17-76
206-->[com.google.firebase:firebase-auth:21.1.0] AndroidManifest.xml:36:27-73
207                <category android:name="android.intent.category.BROWSABLE" />
207-->[com.razorpay:checkout:1.6.26] AndroidManifest.xml:22:13-74
207-->[com.razorpay:checkout:1.6.26] AndroidManifest.xml:22:23-71
208
209                <data
209-->[com.razorpay:checkout:1.6.26] AndroidManifest.xml:15:13-17:38
210                    android:host="firebase.auth"
211                    android:path="/"
212                    android:scheme="genericidp" />
212-->[com.razorpay:checkout:1.6.26] AndroidManifest.xml:17:17-35
213            </intent-filter>
214        </activity>
215        <activity
215-->[com.google.firebase:firebase-auth:21.1.0] AndroidManifest.xml:45:9-62:20
216            android:name="com.google.firebase.auth.internal.RecaptchaActivity"
216-->[com.google.firebase:firebase-auth:21.1.0] AndroidManifest.xml:46:13-79
217            android:excludeFromRecents="true"
217-->[com.google.firebase:firebase-auth:21.1.0] AndroidManifest.xml:47:13-46
218            android:exported="true"
218-->[com.google.firebase:firebase-auth:21.1.0] AndroidManifest.xml:48:13-36
219            android:launchMode="singleTask"
219-->[com.google.firebase:firebase-auth:21.1.0] AndroidManifest.xml:49:13-44
220            android:theme="@android:style/Theme.Translucent.NoTitleBar" >
220-->[com.google.firebase:firebase-auth:21.1.0] AndroidManifest.xml:50:13-72
221            <intent-filter>
221-->[com.google.firebase:firebase-auth:21.1.0] AndroidManifest.xml:51:13-61:29
222                <action android:name="android.intent.action.VIEW" />
222-->[com.razorpay:checkout:1.6.26] AndroidManifest.xml:13:13-65
222-->[com.razorpay:checkout:1.6.26] AndroidManifest.xml:13:21-62
223
224                <category android:name="android.intent.category.DEFAULT" />
224-->[com.google.firebase:firebase-auth:21.1.0] AndroidManifest.xml:36:17-76
224-->[com.google.firebase:firebase-auth:21.1.0] AndroidManifest.xml:36:27-73
225                <category android:name="android.intent.category.BROWSABLE" />
225-->[com.razorpay:checkout:1.6.26] AndroidManifest.xml:22:13-74
225-->[com.razorpay:checkout:1.6.26] AndroidManifest.xml:22:23-71
226
227                <data
227-->[com.razorpay:checkout:1.6.26] AndroidManifest.xml:15:13-17:38
228                    android:host="firebase.auth"
229                    android:path="/"
230                    android:scheme="recaptcha" />
230-->[com.razorpay:checkout:1.6.26] AndroidManifest.xml:17:17-35
231            </intent-filter>
232        </activity>
233
234        <provider
234-->[com.google.firebase:firebase-common:20.3.0] AndroidManifest.xml:25:9-30:39
235            android:name="com.google.firebase.provider.FirebaseInitProvider"
235-->[com.google.firebase:firebase-common:20.3.0] AndroidManifest.xml:26:13-77
236            android:authorities="com.example.shelterspot.firebaseinitprovider"
236-->[com.google.firebase:firebase-common:20.3.0] AndroidManifest.xml:27:13-72
237            android:directBootAware="true"
237-->[com.google.firebase:firebase-common:20.3.0] AndroidManifest.xml:28:13-43
238            android:exported="false"
238-->[com.google.firebase:firebase-common:20.3.0] AndroidManifest.xml:29:13-37
239            android:initOrder="100" />
239-->[com.google.firebase:firebase-common:20.3.0] AndroidManifest.xml:30:13-36
240
241        <activity
241-->[com.google.android.gms:play-services-auth:17.0.0] AndroidManifest.xml:23:9-27:75
242            android:name="com.google.android.gms.auth.api.signin.internal.SignInHubActivity"
242-->[com.google.android.gms:play-services-auth:17.0.0] AndroidManifest.xml:24:13-93
243            android:excludeFromRecents="true"
243-->[com.google.android.gms:play-services-auth:17.0.0] AndroidManifest.xml:25:13-46
244            android:exported="false"
244-->[com.google.android.gms:play-services-auth:17.0.0] AndroidManifest.xml:26:13-37
245            android:theme="@android:style/Theme.Translucent.NoTitleBar" />
245-->[com.google.android.gms:play-services-auth:17.0.0] AndroidManifest.xml:27:13-72
246        <!--
247            Service handling Google Sign-In user revocation. For apps that do not integrate with
248            Google Sign-In, this service will never be started.
249        -->
250        <service
250-->[com.google.android.gms:play-services-auth:17.0.0] AndroidManifest.xml:33:9-36:110
251            android:name="com.google.android.gms.auth.api.signin.RevocationBoundService"
251-->[com.google.android.gms:play-services-auth:17.0.0] AndroidManifest.xml:34:13-89
252            android:exported="true"
252-->[com.google.android.gms:play-services-auth:17.0.0] AndroidManifest.xml:35:13-36
253            android:permission="com.google.android.gms.auth.api.signin.permission.REVOCATION_NOTIFICATION" />
253-->[com.google.android.gms:play-services-auth:17.0.0] AndroidManifest.xml:36:13-107
254
255        <activity
255-->[com.google.android.gms:play-services-base:18.1.0] AndroidManifest.xml:20:9-22:45
256            android:name="com.google.android.gms.common.api.GoogleApiActivity"
256-->[com.google.android.gms:play-services-base:18.1.0] AndroidManifest.xml:20:19-85
257            android:exported="false"
257-->[com.google.android.gms:play-services-base:18.1.0] AndroidManifest.xml:22:19-43
258            android:theme="@android:style/Theme.Translucent.NoTitleBar" />
258-->[com.google.android.gms:play-services-base:18.1.0] AndroidManifest.xml:21:19-78
259
260        <meta-data
260-->[com.google.android.gms:play-services-basement:18.1.0] AndroidManifest.xml:21:9-23:69
261            android:name="com.google.android.gms.version"
261-->[com.google.android.gms:play-services-basement:18.1.0] AndroidManifest.xml:22:13-58
262            android:value="@integer/google_play_services_version" />
262-->[com.google.android.gms:play-services-basement:18.1.0] AndroidManifest.xml:23:13-66
263
264        <uses-library
264-->[androidx.window:window:1.0.0] AndroidManifest.xml:25:9-27:40
265            android:name="androidx.window.extensions"
265-->[androidx.window:window:1.0.0] AndroidManifest.xml:26:13-54
266            android:required="false" />
266-->[androidx.window:window:1.0.0] AndroidManifest.xml:27:13-37
267        <uses-library
267-->[androidx.window:window:1.0.0] AndroidManifest.xml:28:9-30:40
268            android:name="androidx.window.sidecar"
268-->[androidx.window:window:1.0.0] AndroidManifest.xml:29:13-51
269            android:required="false" />
269-->[androidx.window:window:1.0.0] AndroidManifest.xml:30:13-37
270
271        <provider
271-->[androidx.emoji2:emoji2:1.2.0] AndroidManifest.xml:24:9-32:20
272            android:name="androidx.startup.InitializationProvider"
272-->[androidx.emoji2:emoji2:1.2.0] AndroidManifest.xml:25:13-67
273            android:authorities="com.example.shelterspot.androidx-startup"
273-->[androidx.emoji2:emoji2:1.2.0] AndroidManifest.xml:26:13-68
274            android:exported="false" >
274-->[androidx.emoji2:emoji2:1.2.0] AndroidManifest.xml:27:13-37
275            <meta-data
275-->[androidx.emoji2:emoji2:1.2.0] AndroidManifest.xml:29:13-31:52
276                android:name="androidx.emoji2.text.EmojiCompatInitializer"
276-->[androidx.emoji2:emoji2:1.2.0] AndroidManifest.xml:30:17-75
277                android:value="androidx.startup" />
277-->[androidx.emoji2:emoji2:1.2.0] AndroidManifest.xml:31:17-49
278            <meta-data
278-->[androidx.lifecycle:lifecycle-process:2.4.1] AndroidManifest.xml:31:13-33:52
279                android:name="androidx.lifecycle.ProcessLifecycleInitializer"
279-->[androidx.lifecycle:lifecycle-process:2.4.1] AndroidManifest.xml:32:17-78
280                android:value="androidx.startup" />
280-->[androidx.lifecycle:lifecycle-process:2.4.1] AndroidManifest.xml:33:17-49
281        </provider>
282    </application>
283
284</manifest>